[2015-08-28 07:30:33] local.ERROR: exception 'PDOException' with message 'SQLSTATE[HY000] [1045] Access denied for user 'sivusem31'@'localhost' (using password: YES)' in C:\wamp\www\ecole3\vendor\laravel\framework\src\Illuminate\Database\Connectors\Connector.php:47
Stack trace:
#0 C:\wamp\www\ecole3\vendor\laravel\framework\src\Illuminate\Database\Connectors\Connector.php(47): PDO->__construct('mysql:host=loca...', 'sivusem31', 'exvViZZOlJY4Ruc...', Array)
#1 C:\wamp\www\ecole3\vendor\laravel\framework\src\Illuminate\Database\Connectors\MySqlConnector.php(20): Illuminate\Database\Connectors\Connector->createConnection('mysql:host=loca...', Array, Array)
#2 C:\wamp\www\ecole3\vendor\laravel\framework\src\Illuminate\Database\Connectors\ConnectionFactory.php(58): Illuminate\Database\Connectors\MySqlConnector->connect(Array)
#3 C:\wamp\www\ecole3\vendor\laravel\framework\src\Illuminate\Database\Connectors\ConnectionFactory.php(47): Illuminate\Database\Connectors\ConnectionFactory->createSingleConnection(Array)
#4 C:\wamp\www\ecole3\vendor\laravel\framework\src\Illuminate\Database\DatabaseManager.php(177): Illuminate\Database\Connectors\ConnectionFactory->make(Array, 'mysql')
#5 C:\wamp\www\ecole3\vendor\laravel\framework\src\Illuminate\Database\DatabaseManager.php(65): Illuminate\Database\DatabaseManager->makeConnection('mysql')
#6 C:\wamp\www\ecole3\vendor\laravel\framework\src\Illuminate\Database\Eloquent\Model.php(3146): Illuminate\Database\DatabaseManager->connection(NULL)
#7 C:\wamp\www\ecole3\vendor\laravel\framework\src\Illuminate\Database\Eloquent\Model.php(3112): Illuminate\Database\Eloquent\Model::resolveConnection(NULL)
#8 C:\wamp\www\ecole3\vendor\laravel\framework\src\Illuminate\Database\Eloquent\Model.php(1887): Illuminate\Database\Eloquent\Model->getConnection()
#9 C:\wamp\www\ecole3\vendor\laravel\framework\src\Illuminate\Database\Eloquent\Model.php(1828): Illuminate\Database\Eloquent\Model->newBaseQueryBuilder()
#10 C:\wamp\www\ecole3\vendor\laravel\framework\src\Illuminate\Database\Eloquent\Model.php(1802): Illuminate\Database\Eloquent\Model->newQueryWithoutScopes()
#11 C:\wamp\www\ecole3\vendor\laravel\framework\src\Illuminate\Auth\EloquentUserProvider.php(89): Illuminate\Database\Eloquent\Model->newQuery()
#12 C:\wamp\www\ecole3\vendor\laravel\framework\src\Illuminate\Auth\Guard.php(371): Illuminate\Auth\EloquentUserProvider->retrieveByCredentials(Array)
#13 C:\wamp\www\ecole3\vendor\laravel\framework\src\Illuminate\Foundation\Auth\AuthenticatesAndRegistersUsers.php(79): Illuminate\Auth\Guard->attempt(Array, false)
#14 [internal function]: App\Http\Controllers\Auth\AuthController->postLogin(Object(Illuminate\Http\Request))
#15 C:\wamp\www\ecole3\vendor\laravel\framework\src\Illuminate\Routing\Controller.php(246): call_user_func_array(Array, Array)
#16 C:\wamp\www\ecole3\vendor\laravel\framework\src\Illuminate\Routing\ControllerDispatcher.php(162): Illuminate\Routing\Controller->callAction('postLogin', Array)
#17 C:\wamp\www\ecole3\vendor\laravel\framework\src\Illuminate\Routing\ControllerDispatcher.php(107): Illuminate\Routing\ControllerDispatcher->call(Object(App\Http\Controllers\Auth\AuthController), Object(Illuminate\Routing\Route), 'postLogin')
#18 [internal function]: Illuminate\Routing\ControllerDispatcher->Illuminate\Routing\{closure}(Object(Illuminate\Http\Request))
#19 C:\wamp\www\ecole3\vendor\laravel\framework\src\Illuminate\Pipeline\Pipeline.php(141): call_user_func(Object(Closure), Object(Illuminate\Http\Request))
#20 C:\wamp\www\ecole3\app\Http\Middleware\RedirectIfAuthenticated.php(41): Illuminate\Pipeline\Pipeline->Illuminate\Pipeline\{closure}(Object(Illuminate\Http\Request))
#21 C:\wamp\www\ecole3\vendor\laravel\framework\src\Illuminate\Pipeline\Pipeline.php(125): App\Http\Middleware\RedirectIfAuthenticated->handle(Object(Illuminate\Http\Request), Object(Closure))
#22 [internal function]: Illuminate\Pipeline\Pipeline->Illuminate\Pipeline\{closure}(Object(Illuminate\Http\Request))
#23 C:\wamp\www\ecole3\vendor\laravel\framework\src\Illuminate\Pipeline\Pipeline.php(101): call_user_func(Object(Closure), Object(Illuminate\Http\Request))
#24 C:\wamp\www\ecole3\vendor\laravel\framework\src\Illuminate\Routing\ControllerDispatcher.php(108): Illuminate\Pipeline\Pipeline->then(Object(Closure))
#25 C:\wamp\www\ecole3\vendor\laravel\framework\src\Illuminate\Routing\ControllerDispatcher.php(67): Illuminate\Routing\ControllerDispatcher->callWithinStack(Object(App\Http\Controllers\Auth\AuthController), Object(Illuminate\Routing\Route), Object(Illuminate\Http\Request), 'postLogin')
#26 C:\wamp\www\ecole3\vendor\laravel\framework\src\Illuminate\Routing\Route.php(204): Illuminate\Routing\ControllerDispatcher->dispatch(Object(Illuminate\Routing\Route), Object(Illuminate\Http\Request), 'App\\Http\\Contro...', 'postLogin')
#27 C:\wamp\www\ecole3\vendor\laravel\framework\src\Illuminate\Routing\Route.php(134): Illuminate\Routing\Route->runWithCustomDispatcher(Object(Illuminate\Http\Request))
#28 C:\wamp\www\ecole3\vendor\laravel\framework\src\Illuminate\Routing\Router.php(701): Illuminate\Routing\Route->run(Object(Illuminate\Http\Request))
#29 [internal function]: Illuminate\Routing\Router->Illuminate\Routing\{closure}(Object(Illuminate\Http\Request))
#30 C:\wamp\www\ecole3\vendor\laravel\framework\src\Illuminate\Pipeline\Pipeline.php(141): call_user_func(Object(Closure), Object(Illuminate\Http\Request))
#31 [internal function]: Illuminate\Pipeline\Pipeline->Illuminate\Pipeline\{closure}(Object(Illuminate\Http\Request))
#32 C:\wamp\www\ecole3\vendor\laravel\framework\src\Illuminate\Pipeline\Pipeline.php(101): call_user_func(Object(Closure), Object(Illuminate\Http\Request))
#33 C:\wamp\www\ecole3\vendor\laravel\framework\src\Illuminate\Routing\Router.php(703): Illuminate\Pipeline\Pipeline->then(Object(Closure))
#34 C:\wamp\www\ecole3\vendor\laravel\framework\src\Illuminate\Routing\Router.php(670): Illuminate\Routing\Router->runRouteWithinStack(Object(Illuminate\Routing\Route), Object(Illuminate\Http\Request))
#35 C:\wamp\www\ecole3\vendor\laravel\framework\src\Illuminate\Routing\Router.php(628): Illuminate\Routing\Router->dispatchToRoute(Object(Illuminate\Http\Request))
#36 C:\wamp\www\ecole3\vendor\laravel\framework\src\Illuminate\Foundation\Http\Kernel.php(214): Illuminate\Routing\Router->dispatch(Object(Illuminate\Http\Request))
#37 [internal function]: Illuminate\Foundation\Http\Kernel->Illuminate\Foundation\Http\{closure}(Object(Illuminate\Http\Request))
#38 C:\wamp\www\ecole3\vendor\laravel\framework\src\Illuminate\Pipeline\Pipeline.php(141): call_user_func(Object(Closure), Object(Illuminate\Http\Request))
#39 C:\wamp\www\ecole3\vendor\laravel\framework\src\Illuminate\Foundation\Http\Middleware\VerifyCsrfToken.php(43): Illuminate\Pipeline\Pipeline->Illuminate\Pipeline\{closure}(Object(Illuminate\Http\Request))
#40 C:\wamp\www\ecole3\app\Http\Middleware\VerifyCsrfToken.php(18): Illuminate\Foundation\Http\Middleware\VerifyCsrfToken->handle(Object(Illuminate\Http\Request), Object(Closure))
#41 C:\wamp\www\ecole3\vendor\laravel\framework\src\Illuminate\Pipeline\Pipeline.php(125): App\Http\Middleware\VerifyCsrfToken->handle(Object(Illuminate\Http\Request), Object(Closure))
#42 C:\wamp\www\ecole3\vendor\laravel\framework\src\Illuminate\View\Middleware\ShareErrorsFromSession.php(55): Illuminate\Pipeline\Pipeline->Illuminate\Pipeline\{closure}(Object(Illuminate\Http\Request))
#43 C:\wamp\www\ecole3\vendor\laravel\framework\src\Illuminate\Pipeline\Pipeline.php(125): Illuminate\View\Middleware\ShareErrorsFromSession->handle(Object(Illuminate\Http\Request), Object(Closure))
#44 C:\wamp\www\ecole3\vendor\laravel\framework\src\Illuminate\Session\Middleware\StartSession.php(61): Illuminate\Pipeline\Pipeline->Illuminate\Pipeline\{closure}(Object(Illuminate\Http\Request))
#45 C:\wamp\www\ecole3\vendor\laravel\framework\src\Illuminate\Pipeline\Pipeline.php(125): Illuminate\Session\Middleware\StartSession->handle(Object(Illuminate\Http\Request), Object(Closure))
#46 C:\wamp\www\ecole3\vendor\laravel\framework\src\Illuminate\Cookie\Middleware\AddQueuedCookiesToResponse.php(36): Illuminate\Pipeline\Pipeline->Illuminate\Pipeline\{closure}(Object(Illuminate\Http\Request))
#47 C:\wamp\www\ecole3\vendor\laravel\framework\src\Illuminate\Pipeline\Pipeline.php(125): Illuminate\Cookie\Middleware\AddQueuedCookiesToResponse->handle(Object(Illuminate\Http\Request), Object(Closure))
#48 C:\wamp\www\ecole3\vendor\laravel\framework\src\Illuminate\Cookie\Middleware\EncryptCookies.php(40): Illuminate\Pipeline\Pipeline->Illuminate\Pipeline\{closure}(Object(Illuminate\Http\Request))
#49 C:\wamp\www\ecole3\vendor\laravel\framework\src\Illuminate\Pipeline\Pipeline.php(125): Illuminate\Cookie\Middleware\EncryptCookies->handle(Object(Illuminate\Http\Request), Object(Closure))
#50 C:\wamp\www\ecole3\vendor\laravel\framework\src\Illuminate\Foundation\Http\Middleware\CheckForMaintenanceMode.php(42): Illuminate\Pipeline\Pipeline->Illuminate\Pipeline\{closure}(Object(Illuminate\Http\Request))
#51 C:\wamp\www\ecole3\vendor\laravel\framework\src\Illuminate\Pipeline\Pipeline.php(125): Illuminate\Foundation\Http\Middleware\CheckForMaintenanceMode->handle(Object(Illuminate\Http\Request), Object(Closure))
#52 [internal function]: Illuminate\Pipeline\Pipeline->Illuminate\Pipeline\{closure}(Object(Illuminate\Http\Request))
#53 C:\wamp\www\ecole3\vendor\laravel\framework\src\Illuminate\Pipeline\Pipeline.php(101): call_user_func(Object(Closure), Object(Illuminate\Http\Request))
#54 C:\wamp\www\ecole3\vendor\laravel\framework\src\Illuminate\Foundation\Http\Kernel.php(115): Illuminate\Pipeline\Pipeline->then(Object(Closure))
#55 C:\wamp\www\ecole3\vendor\laravel\framework\src\Illuminate\Foundation\Http\Kernel.php(84): Illuminate\Foundation\Http\Kernel->sendRequestThroughRouter(Object(Illuminate\Http\Request))
#56 C:\wamp\www\ecole3\public\index.php(53): Illuminate\Foundation\Http\Kernel->handle(Object(Illuminate\Http\Request))
#57 {main}  
[2015-08-28 08:14:48] local.ERROR: exception 'ErrorException' with message 'Only variables should be passed by reference' in C:\wamp\www\ecole3\app\Http\Controllers\AffichageController.php:58
Stack trace:
#0 C:\wamp\www\ecole3\app\Http\Controllers\AffichageController.php(58): Illuminate\Foundation\Bootstrap\HandleExceptions->handleError(2048, 'Only variables ...', 'C:\\wamp\\www\\eco...', 58, Array)
#1 [internal function]: App\Http\Controllers\AffichageController->cantine()
#2 C:\wamp\www\ecole3\vendor\laravel\framework\src\Illuminate\Routing\Controller.php(246): call_user_func_array(Array, Array)
#3 C:\wamp\www\ecole3\vendor\laravel\framework\src\Illuminate\Routing\ControllerDispatcher.php(162): Illuminate\Routing\Controller->callAction('cantine', Array)
#4 C:\wamp\www\ecole3\vendor\laravel\framework\src\Illuminate\Routing\ControllerDispatcher.php(107): Illuminate\Routing\ControllerDispatcher->call(Object(App\Http\Controllers\AffichageController), Object(Illuminate\Routing\Route), 'cantine')
#5 [internal function]: Illuminate\Routing\ControllerDispatcher->Illuminate\Routing\{closure}(Object(Illuminate\Http\Request))
#6 C:\wamp\www\ecole3\vendor\laravel\framework\src\Illuminate\Pipeline\Pipeline.php(141): call_user_func(Object(Closure), Object(Illuminate\Http\Request))
#7 C:\wamp\www\ecole3\app\Http\Middleware\adsem.php(35): Illuminate\Pipeline\Pipeline->Illuminate\Pipeline\{closure}(Object(Illuminate\Http\Request))
#8 C:\wamp\www\ecole3\vendor\laravel\framework\src\Illuminate\Pipeline\Pipeline.php(125): App\Http\Middleware\adsem->handle(Object(Illuminate\Http\Request), Object(Closure))
#9 [internal function]: Illuminate\Pipeline\Pipeline->Illuminate\Pipeline\{closure}(Object(Illuminate\Http\Request))
#10 C:\wamp\www\ecole3\vendor\laravel\framework\src\Illuminate\Pipeline\Pipeline.php(101): call_user_func(Object(Closure), Object(Illuminate\Http\Request))
#11 C:\wamp\www\ecole3\vendor\laravel\framework\src\Illuminate\Routing\ControllerDispatcher.php(108): Illuminate\Pipeline\Pipeline->then(Object(Closure))
#12 C:\wamp\www\ecole3\vendor\laravel\framework\src\Illuminate\Routing\ControllerDispatcher.php(67): Illuminate\Routing\ControllerDispatcher->callWithinStack(Object(App\Http\Controllers\AffichageController), Object(Illuminate\Routing\Route), Object(Illuminate\Http\Request), 'cantine')
#13 C:\wamp\www\ecole3\vendor\laravel\framework\src\Illuminate\Routing\Route.php(204): Illuminate\Routing\ControllerDispatcher->dispatch(Object(Illuminate\Routing\Route), Object(Illuminate\Http\Request), 'App\\Http\\Contro...', 'cantine')
#14 C:\wamp\www\ecole3\vendor\laravel\framework\src\Illuminate\Routing\Route.php(134): Illuminate\Routing\Route->runWithCustomDispatcher(Object(Illuminate\Http\Request))
#15 C:\wamp\www\ecole3\vendor\laravel\framework\src\Illuminate\Routing\Router.php(701): Illuminate\Routing\Route->run(Object(Illuminate\Http\Request))
#16 [internal function]: Illuminate\Routing\Router->Illuminate\Routing\{closure}(Object(Illuminate\Http\Request))
#17 C:\wamp\www\ecole3\vendor\laravel\framework\src\Illuminate\Pipeline\Pipeline.php(141): call_user_func(Object(Closure), Object(Illuminate\Http\Request))
#18 [internal function]: Illuminate\Pipeline\Pipeline->Illuminate\Pipeline\{closure}(Object(Illuminate\Http\Request))
#19 C:\wamp\www\ecole3\vendor\laravel\framework\src\Illuminate\Pipeline\Pipeline.php(101): call_user_func(Object(Closure), Object(Illuminate\Http\Request))
#20 C:\wamp\www\ecole3\vendor\laravel\framework\src\Illuminate\Routing\Router.php(703): Illuminate\Pipeline\Pipeline->then(Object(Closure))
#21 C:\wamp\www\ecole3\vendor\laravel\framework\src\Illuminate\Routing\Router.php(670): Illuminate\Routing\Router->runRouteWithinStack(Object(Illuminate\Routing\Route), Object(Illuminate\Http\Request))
#22 C:\wamp\www\ecole3\vendor\laravel\framework\src\Illuminate\Routing\Router.php(628): Illuminate\Routing\Router->dispatchToRoute(Object(Illuminate\Http\Request))
#23 C:\wamp\www\ecole3\vendor\laravel\framework\src\Illuminate\Foundation\Http\Kernel.php(214): Illuminate\Routing\Router->dispatch(Object(Illuminate\Http\Request))
#24 [internal function]: Illuminate\Foundation\Http\Kernel->Illuminate\Foundation\Http\{closure}(Object(Illuminate\Http\Request))
#25 C:\wamp\www\ecole3\vendor\laravel\framework\src\Illuminate\Pipeline\Pipeline.php(141): call_user_func(Object(Closure), Object(Illuminate\Http\Request))
#26 C:\wamp\www\ecole3\vendor\laravel\framework\src\Illuminate\Foundation\Http\Middleware\VerifyCsrfToken.php(43): Illuminate\Pipeline\Pipeline->Illuminate\Pipeline\{closure}(Object(Illuminate\Http\Request))
#27 C:\wamp\www\ecole3\app\Http\Middleware\VerifyCsrfToken.php(18): Illuminate\Foundation\Http\Middleware\VerifyCsrfToken->handle(Object(Illuminate\Http\Request), Object(Closure))
#28 C:\wamp\www\ecole3\vendor\laravel\framework\src\Illuminate\Pipeline\Pipeline.php(125): App\Http\Middleware\VerifyCsrfToken->handle(Object(Illuminate\Http\Request), Object(Closure))
#29 C:\wamp\www\ecole3\vendor\laravel\framework\src\Illuminate\View\Middleware\ShareErrorsFromSession.php(55): Illuminate\Pipeline\Pipeline->Illuminate\Pipeline\{closure}(Object(Illuminate\Http\Request))
#30 C:\wamp\www\ecole3\vendor\laravel\framework\src\Illuminate\Pipeline\Pipeline.php(125): Illuminate\View\Middleware\ShareErrorsFromSession->handle(Object(Illuminate\Http\Request), Object(Closure))
#31 C:\wamp\www\ecole3\vendor\laravel\framework\src\Illuminate\Session\Middleware\StartSession.php(61): Illuminate\Pipeline\Pipeline->Illuminate\Pipeline\{closure}(Object(Illuminate\Http\Request))
#32 C:\wamp\www\ecole3\vendor\laravel\framework\src\Illuminate\Pipeline\Pipeline.php(125): Illuminate\Session\Middleware\StartSession->handle(Object(Illuminate\Http\Request), Object(Closure))
#33 C:\wamp\www\ecole3\vendor\laravel\framework\src\Illuminate\Cookie\Middleware\AddQueuedCookiesToResponse.php(36): Illuminate\Pipeline\Pipeline->Illuminate\Pipeline\{closure}(Object(Illuminate\Http\Request))
#34 C:\wamp\www\ecole3\vendor\laravel\framework\src\Illuminate\Pipeline\Pipeline.php(125): Illuminate\Cookie\Middleware\AddQueuedCookiesToResponse->handle(Object(Illuminate\Http\Request), Object(Closure))
#35 C:\wamp\www\ecole3\vendor\laravel\framework\src\Illuminate\Cookie\Middleware\EncryptCookies.php(40): Illuminate\Pipeline\Pipeline->Illuminate\Pipeline\{closure}(Object(Illuminate\Http\Request))
#36 C:\wamp\www\ecole3\vendor\laravel\framework\src\Illuminate\Pipeline\Pipeline.php(125): Illuminate\Cookie\Middleware\EncryptCookies->handle(Object(Illuminate\Http\Request), Object(Closure))
#37 C:\wamp\www\ecole3\vendor\laravel\framework\src\Illuminate\Foundation\Http\Middleware\CheckForMaintenanceMode.php(42): Illuminate\Pipeline\Pipeline->Illuminate\Pipeline\{closure}(Object(Illuminate\Http\Request))
#38 C:\wamp\www\ecole3\vendor\laravel\framework\src\Illuminate\Pipeline\Pipeline.php(125): Illuminate\Foundation\Http\Middleware\CheckForMaintenanceMode->handle(Object(Illuminate\Http\Request), Object(Closure))
#39 [internal function]: Illuminate\Pipeline\Pipeline->Illuminate\Pipeline\{closure}(Object(Illuminate\Http\Request))
#40 C:\wamp\www\ecole3\vendor\laravel\framework\src\Illuminate\Pipeline\Pipeline.php(101): call_user_func(Object(Closure), Object(Illuminate\Http\Request))
#41 C:\wamp\www\ecole3\vendor\laravel\framework\src\Illuminate\Foundation\Http\Kernel.php(115): Illuminate\Pipeline\Pipeline->then(Object(Closure))
#42 C:\wamp\www\ecole3\vendor\laravel\framework\src\Illuminate\Foundation\Http\Kernel.php(84): Illuminate\Foundation\Http\Kernel->sendRequestThroughRouter(Object(Illuminate\Http\Request))
#43 C:\wamp\www\ecole3\public\index.php(53): Illuminate\Foundation\Http\Kernel->handle(Object(Illuminate\Http\Request))
#44 {main}  
[2015-08-28 08:16:28] local.ERROR: exception 'Symfony\Component\Debug\Exception\FatalErrorException' with message 'Call-time pass-by-reference has been removed' in C:\wamp\www\ecole3\app\Http\Controllers\AffichageController.php:58
Stack trace:
#0 C:\wamp\www\ecole3\vendor\laravel\framework\src\Illuminate\Foundation\Bootstrap\HandleExceptions.php(131): Symfony\Component\Debug\Exception\FatalErrorException->__construct()
#1 C:\wamp\www\ecole3\vendor\laravel\framework\src\Illuminate\Foundation\Bootstrap\HandleExceptions.php(116): Illuminate\Foundation\Bootstrap\HandleExceptions->fatalExceptionFromError()
#2 C:\wamp\www\ecole3\vendor\laravel\framework\src\Illuminate\Foundation\Bootstrap\HandleExceptions.php(0): Illuminate\Foundation\Bootstrap\HandleExceptions->handleShutdown()
#3 C:\wamp\www\ecole3\vendor\composer\ClassLoader.php(301): Composer\Autoload\includeFile()
#4 C:\wamp\www\ecole3\vendor\laravel\framework\src\Illuminate\Container\Container.php(0): Composer\Autoload\ClassLoader->loadClass()
#5 C:\wamp\www\ecole3\vendor\laravel\framework\src\Illuminate\Container\Container.php(779): spl_autoload_call()
#6 C:\wamp\www\ecole3\vendor\laravel\framework\src\Illuminate\Container\Container.php(779): ReflectionClass->__construct()
#7 C:\wamp\www\ecole3\vendor\laravel\framework\src\Illuminate\Container\Container.php(659): Illuminate\Container\Container->build()
#8 C:\wamp\www\ecole3\vendor\laravel\framework\src\Illuminate\Foundation\Application.php(644): Illuminate\Container\Container->make()
#9 C:\wamp\www\ecole3\vendor\laravel\framework\src\Illuminate\Routing\ControllerDispatcher.php(83): Illuminate\Foundation\Application->make()
#10 C:\wamp\www\ecole3\vendor\laravel\framework\src\Illuminate\Routing\ControllerDispatcher.php(54): Illuminate\Routing\ControllerDispatcher->makeController()
#11 C:\wamp\www\ecole3\vendor\laravel\framework\src\Illuminate\Routing\Route.php(204): Illuminate\Routing\ControllerDispatcher->dispatch()
#12 C:\wamp\www\ecole3\vendor\laravel\framework\src\Illuminate\Routing\Route.php(134): Illuminate\Routing\Route->runWithCustomDispatcher()
#13 C:\wamp\www\ecole3\vendor\laravel\framework\src\Illuminate\Routing\Router.php(701): Illuminate\Routing\Route->run()
#14 C:\wamp\www\ecole3\vendor\laravel\framework\src\Illuminate\Pipeline\Pipeline.php(141): Illuminate\Routing\Router->Illuminate\Routing\{closure}()
#15 C:\wamp\www\ecole3\vendor\laravel\framework\src\Illuminate\Pipeline\Pipeline.php(141): call_user_func:{C:\wamp\www\ecole3\vendor\laravel\framework\src\Illuminate\Pipeline\Pipeline.php:141}()
#16 C:\wamp\www\ecole3\vendor\laravel\framework\src\Illuminate\Pipeline\Pipeline.php(101): Illuminate\Pipeline\Pipeline->Illuminate\Pipeline\{closure}()
#17 C:\wamp\www\ecole3\vendor\laravel\framework\src\Illuminate\Pipeline\Pipeline.php(101): call_user_func:{C:\wamp\www\ecole3\vendor\laravel\framework\src\Illuminate\Pipeline\Pipeline.php:101}()
#18 C:\wamp\www\ecole3\vendor\laravel\framework\src\Illuminate\Routing\Router.php(703): Illuminate\Pipeline\Pipeline->then()
#19 C:\wamp\www\ecole3\vendor\laravel\framework\src\Illuminate\Routing\Router.php(670): Illuminate\Routing\Router->runRouteWithinStack()
#20 C:\wamp\www\ecole3\vendor\laravel\framework\src\Illuminate\Routing\Router.php(628): Illuminate\Routing\Router->dispatchToRoute()
#21 C:\wamp\www\ecole3\vendor\laravel\framework\src\Illuminate\Foundation\Http\Kernel.php(214): Illuminate\Routing\Router->dispatch()
#22 C:\wamp\www\ecole3\vendor\laravel\framework\src\Illuminate\Pipeline\Pipeline.php(141): Illuminate\Foundation\Http\Kernel->Illuminate\Foundation\Http\{closure}()
#23 C:\wamp\www\ecole3\vendor\laravel\framework\src\Illuminate\Pipeline\Pipeline.php(141): call_user_func:{C:\wamp\www\ecole3\vendor\laravel\framework\src\Illuminate\Pipeline\Pipeline.php:141}()
#24 C:\wamp\www\ecole3\vendor\laravel\framework\src\Illuminate\Foundation\Http\Middleware\VerifyCsrfToken.php(43): Illuminate\Pipeline\Pipeline->Illuminate\Pipeline\{closure}()
#25 C:\wamp\www\ecole3\app\Http\Middleware\VerifyCsrfToken.php(18): Illuminate\Foundation\Http\Middleware\VerifyCsrfToken->handle()
#26 C:\wamp\www\ecole3\vendor\laravel\framework\src\Illuminate\Pipeline\Pipeline.php(125): App\Http\Middleware\VerifyCsrfToken->handle()
#27 C:\wamp\www\ecole3\vendor\laravel\framework\src\Illuminate\View\Middleware\ShareErrorsFromSession.php(55): Illuminate\Pipeline\Pipeline->Illuminate\Pipeline\{closure}()
#28 C:\wamp\www\ecole3\vendor\laravel\framework\src\Illuminate\Pipeline\Pipeline.php(125): Illuminate\View\Middleware\ShareErrorsFromSession->handle()
#29 C:\wamp\www\ecole3\vendor\laravel\framework\src\Illuminate\Session\Middleware\StartSession.php(61): Illuminate\Pipeline\Pipeline->Illuminate\Pipeline\{closure}()
#30 C:\wamp\www\ecole3\vendor\laravel\framework\src\Illuminate\Pipeline\Pipeline.php(125): Illuminate\Session\Middleware\StartSession->handle()
#31 C:\wamp\www\ecole3\vendor\laravel\framework\src\Illuminate\Cookie\Middleware\AddQueuedCookiesToResponse.php(36): Illuminate\Pipeline\Pipeline->Illuminate\Pipeline\{closure}()
#32 C:\wamp\www\ecole3\vendor\laravel\framework\src\Illuminate\Pipeline\Pipeline.php(125): Illuminate\Cookie\Middleware\AddQueuedCookiesToResponse->handle()
#33 C:\wamp\www\ecole3\vendor\laravel\framework\src\Illuminate\Cookie\Middleware\EncryptCookies.php(40): Illuminate\Pipeline\Pipeline->Illuminate\Pipeline\{closure}()
#34 C:\wamp\www\ecole3\vendor\laravel\framework\src\Illuminate\Pipeline\Pipeline.php(125): Illuminate\Cookie\Middleware\EncryptCookies->handle()
#35 C:\wamp\www\ecole3\vendor\laravel\framework\src\Illuminate\Foundation\Http\Middleware\CheckForMaintenanceMode.php(42): Illuminate\Pipeline\Pipeline->Illuminate\Pipeline\{closure}()
#36 C:\wamp\www\ecole3\vendor\laravel\framework\src\Illuminate\Pipeline\Pipeline.php(125): Illuminate\Foundation\Http\Middleware\CheckForMaintenanceMode->handle()
#37 C:\wamp\www\ecole3\vendor\laravel\framework\src\Illuminate\Pipeline\Pipeline.php(101): Illuminate\Pipeline\Pipeline->Illuminate\Pipeline\{closure}()
#38 C:\wamp\www\ecole3\vendor\laravel\framework\src\Illuminate\Pipeline\Pipeline.php(101): call_user_func:{C:\wamp\www\ecole3\vendor\laravel\framework\src\Illuminate\Pipeline\Pipeline.php:101}()
#39 C:\wamp\www\ecole3\vendor\laravel\framework\src\Illuminate\Foundation\Http\Kernel.php(115): Illuminate\Pipeline\Pipeline->then()
#40 C:\wamp\www\ecole3\vendor\laravel\framework\src\Illuminate\Foundation\Http\Kernel.php(84): Illuminate\Foundation\Http\Kernel->sendRequestThroughRouter()
#41 C:\wamp\www\ecole3\public\index.php(53): Illuminate\Foundation\Http\Kernel->handle()
#42 C:\wamp\www\ecole3\public\index.php(0): {main}()
#43 {main}  
[2015-08-28 08:17:57] local.ERROR: exception 'ErrorException' with message 'prev() expects parameter 1 to be array, null given' in C:\wamp\www\ecole3\app\Http\Controllers\AffichageController.php:59
Stack trace:
#0 [internal function]: Illuminate\Foundation\Bootstrap\HandleExceptions->handleError(2, 'prev() expects ...', 'C:\\wamp\\www\\eco...', 59, Array)
#1 C:\wamp\www\ecole3\app\Http\Controllers\AffichageController.php(59): prev(NULL)
#2 [internal function]: App\Http\Controllers\AffichageController->cantine()
#3 C:\wamp\www\ecole3\vendor\laravel\framework\src\Illuminate\Routing\Controller.php(246): call_user_func_array(Array, Array)
#4 C:\wamp\www\ecole3\vendor\laravel\framework\src\Illuminate\Routing\ControllerDispatcher.php(162): Illuminate\Routing\Controller->callAction('cantine', Array)
#5 C:\wamp\www\ecole3\vendor\laravel\framework\src\Illuminate\Routing\ControllerDispatcher.php(107): Illuminate\Routing\ControllerDispatcher->call(Object(App\Http\Controllers\AffichageController), Object(Illuminate\Routing\Route), 'cantine')
#6 [internal function]: Illuminate\Routing\ControllerDispatcher->Illuminate\Routing\{closure}(Object(Illuminate\Http\Request))
#7 C:\wamp\www\ecole3\vendor\laravel\framework\src\Illuminate\Pipeline\Pipeline.php(141): call_user_func(Object(Closure), Object(Illuminate\Http\Request))
#8 C:\wamp\www\ecole3\app\Http\Middleware\adsem.php(35): Illuminate\Pipeline\Pipeline->Illuminate\Pipeline\{closure}(Object(Illuminate\Http\Request))
#9 C:\wamp\www\ecole3\vendor\laravel\framework\src\Illuminate\Pipeline\Pipeline.php(125): App\Http\Middleware\adsem->handle(Object(Illuminate\Http\Request), Object(Closure))
#10 [internal function]: Illuminate\Pipeline\Pipeline->Illuminate\Pipeline\{closure}(Object(Illuminate\Http\Request))
#11 C:\wamp\www\ecole3\vendor\laravel\framework\src\Illuminate\Pipeline\Pipeline.php(101): call_user_func(Object(Closure), Object(Illuminate\Http\Request))
#12 C:\wamp\www\ecole3\vendor\laravel\framework\src\Illuminate\Routing\ControllerDispatcher.php(108): Illuminate\Pipeline\Pipeline->then(Object(Closure))
#13 C:\wamp\www\ecole3\vendor\laravel\framework\src\Illuminate\Routing\ControllerDispatcher.php(67): Illuminate\Routing\ControllerDispatcher->callWithinStack(Object(App\Http\Controllers\AffichageController), Object(Illuminate\Routing\Route), Object(Illuminate\Http\Request), 'cantine')
#14 C:\wamp\www\ecole3\vendor\laravel\framework\src\Illuminate\Routing\Route.php(204): Illuminate\Routing\ControllerDispatcher->dispatch(Object(Illuminate\Routing\Route), Object(Illuminate\Http\Request), 'App\\Http\\Contro...', 'cantine')
#15 C:\wamp\www\ecole3\vendor\laravel\framework\src\Illuminate\Routing\Route.php(134): Illuminate\Routing\Route->runWithCustomDispatcher(Object(Illuminate\Http\Request))
#16 C:\wamp\www\ecole3\vendor\laravel\framework\src\Illuminate\Routing\Router.php(701): Illuminate\Routing\Route->run(Object(Illuminate\Http\Request))
#17 [internal function]: Illuminate\Routing\Router->Illuminate\Routing\{closure}(Object(Illuminate\Http\Request))
#18 C:\wamp\www\ecole3\vendor\laravel\framework\src\Illuminate\Pipeline\Pipeline.php(141): call_user_func(Object(Closure), Object(Illuminate\Http\Request))
#19 [internal function]: Illuminate\Pipeline\Pipeline->Illuminate\Pipeline\{closure}(Object(Illuminate\Http\Request))
#20 C:\wamp\www\ecole3\vendor\laravel\framework\src\Illuminate\Pipeline\Pipeline.php(101): call_user_func(Object(Closure), Object(Illuminate\Http\Request))
#21 C:\wamp\www\ecole3\vendor\laravel\framework\src\Illuminate\Routing\Router.php(703): Illuminate\Pipeline\Pipeline->then(Object(Closure))
#22 C:\wamp\www\ecole3\vendor\laravel\framework\src\Illuminate\Routing\Router.php(670): Illuminate\Routing\Router->runRouteWithinStack(Object(Illuminate\Routing\Route), Object(Illuminate\Http\Request))
#23 C:\wamp\www\ecole3\vendor\laravel\framework\src\Illuminate\Routing\Router.php(628): Illuminate\Routing\Router->dispatchToRoute(Object(Illuminate\Http\Request))
#24 C:\wamp\www\ecole3\vendor\laravel\framework\src\Illuminate\Foundation\Http\Kernel.php(214): Illuminate\Routing\Router->dispatch(Object(Illuminate\Http\Request))
#25 [internal function]: Illuminate\Foundation\Http\Kernel->Illuminate\Foundation\Http\{closure}(Object(Illuminate\Http\Request))
#26 C:\wamp\www\ecole3\vendor\laravel\framework\src\Illuminate\Pipeline\Pipeline.php(141): call_user_func(Object(Closure), Object(Illuminate\Http\Request))
#27 C:\wamp\www\ecole3\vendor\laravel\framework\src\Illuminate\Foundation\Http\Middleware\VerifyCsrfToken.php(43): Illuminate\Pipeline\Pipeline->Illuminate\Pipeline\{closure}(Object(Illuminate\Http\Request))
#28 C:\wamp\www\ecole3\app\Http\Middleware\VerifyCsrfToken.php(18): Illuminate\Foundation\Http\Middleware\VerifyCsrfToken->handle(Object(Illuminate\Http\Request), Object(Closure))
#29 C:\wamp\www\ecole3\vendor\laravel\framework\src\Illuminate\Pipeline\Pipeline.php(125): App\Http\Middleware\VerifyCsrfToken->handle(Object(Illuminate\Http\Request), Object(Closure))
#30 C:\wamp\www\ecole3\vendor\laravel\framework\src\Illuminate\View\Middleware\ShareErrorsFromSession.php(55): Illuminate\Pipeline\Pipeline->Illuminate\Pipeline\{closure}(Object(Illuminate\Http\Request))
#31 C:\wamp\www\ecole3\vendor\laravel\framework\src\Illuminate\Pipeline\Pipeline.php(125): Illuminate\View\Middleware\ShareErrorsFromSession->handle(Object(Illuminate\Http\Request), Object(Closure))
#32 C:\wamp\www\ecole3\vendor\laravel\framework\src\Illuminate\Session\Middleware\StartSession.php(61): Illuminate\Pipeline\Pipeline->Illuminate\Pipeline\{closure}(Object(Illuminate\Http\Request))
#33 C:\wamp\www\ecole3\vendor\laravel\framework\src\Illuminate\Pipeline\Pipeline.php(125): Illuminate\Session\Middleware\StartSession->handle(Object(Illuminate\Http\Request), Object(Closure))
#34 C:\wamp\www\ecole3\vendor\laravel\framework\src\Illuminate\Cookie\Middleware\AddQueuedCookiesToResponse.php(36): Illuminate\Pipeline\Pipeline->Illuminate\Pipeline\{closure}(Object(Illuminate\Http\Request))
#35 C:\wamp\www\ecole3\vendor\laravel\framework\src\Illuminate\Pipeline\Pipeline.php(125): Illuminate\Cookie\Middleware\AddQueuedCookiesToResponse->handle(Object(Illuminate\Http\Request), Object(Closure))
#36 C:\wamp\www\ecole3\vendor\laravel\framework\src\Illuminate\Cookie\Middleware\EncryptCookies.php(40): Illuminate\Pipeline\Pipeline->Illuminate\Pipeline\{closure}(Object(Illuminate\Http\Request))
#37 C:\wamp\www\ecole3\vendor\laravel\framework\src\Illuminate\Pipeline\Pipeline.php(125): Illuminate\Cookie\Middleware\EncryptCookies->handle(Object(Illuminate\Http\Request), Object(Closure))
#38 C:\wamp\www\ecole3\vendor\laravel\framework\src\Illuminate\Foundation\Http\Middleware\CheckForMaintenanceMode.php(42): Illuminate\Pipeline\Pipeline->Illuminate\Pipeline\{closure}(Object(Illuminate\Http\Request))
#39 C:\wamp\www\ecole3\vendor\laravel\framework\src\Illuminate\Pipeline\Pipeline.php(125): Illuminate\Foundation\Http\Middleware\CheckForMaintenanceMode->handle(Object(Illuminate\Http\Request), Object(Closure))
#40 [internal function]: Illuminate\Pipeline\Pipeline->Illuminate\Pipeline\{closure}(Object(Illuminate\Http\Request))
#41 C:\wamp\www\ecole3\vendor\laravel\framework\src\Illuminate\Pipeline\Pipeline.php(101): call_user_func(Object(Closure), Object(Illuminate\Http\Request))
#42 C:\wamp\www\ecole3\vendor\laravel\framework\src\Illuminate\Foundation\Http\Kernel.php(115): Illuminate\Pipeline\Pipeline->then(Object(Closure))
#43 C:\wamp\www\ecole3\vendor\laravel\framework\src\Illuminate\Foundation\Http\Kernel.php(84): Illuminate\Foundation\Http\Kernel->sendRequestThroughRouter(Object(Illuminate\Http\Request))
#44 C:\wamp\www\ecole3\public\index.php(53): Illuminate\Foundation\Http\Kernel->handle(Object(Illuminate\Http\Request))
#45 {main}  
