[2015-08-25 16:30:02] local.ERROR: exception 'Symfony\Component\Debug\Exception\FatalErrorException' with message 'syntax error, unexpected '}'' in C:\wamp\www\ecole3\app\Http\Controllers\ExcelController.php:194
Stack trace:
#0 C:\wamp\www\ecole3\vendor\laravel\framework\src\Illuminate\Foundation\Bootstrap\HandleExceptions.php(131): Symfony\Component\Debug\Exception\FatalErrorException->__construct()
#1 C:\wamp\www\ecole3\vendor\laravel\framework\src\Illuminate\Foundation\Bootstrap\HandleExceptions.php(116): Illuminate\Foundation\Bootstrap\HandleExceptions->fatalExceptionFromError()
#2 C:\wamp\www\ecole3\vendor\laravel\framework\src\Illuminate\Foundation\Bootstrap\HandleExceptions.php(0): Illuminate\Foundation\Bootstrap\HandleExceptions->handleShutdown()
#3 C:\wamp\www\ecole3\vendor\composer\ClassLoader.php(301): Composer\Autoload\includeFile()
#4 C:\wamp\www\ecole3\vendor\laravel\framework\src\Illuminate\Container\Container.php(0): Composer\Autoload\ClassLoader->loadClass()
#5 C:\wamp\www\ecole3\vendor\laravel\framework\src\Illuminate\Container\Container.php(779): spl_autoload_call()
#6 C:\wamp\www\ecole3\vendor\laravel\framework\src\Illuminate\Container\Container.php(779): ReflectionClass->__construct()
#7 C:\wamp\www\ecole3\vendor\laravel\framework\src\Illuminate\Container\Container.php(659): Illuminate\Container\Container->build()
#8 C:\wamp\www\ecole3\vendor\laravel\framework\src\Illuminate\Foundation\Application.php(644): Illuminate\Container\Container->make()
#9 C:\wamp\www\ecole3\vendor\laravel\framework\src\Illuminate\Routing\ControllerDispatcher.php(83): Illuminate\Foundation\Application->make()
#10 C:\wamp\www\ecole3\vendor\laravel\framework\src\Illuminate\Routing\ControllerDispatcher.php(54): Illuminate\Routing\ControllerDispatcher->makeController()
#11 C:\wamp\www\ecole3\vendor\laravel\framework\src\Illuminate\Routing\Route.php(204): Illuminate\Routing\ControllerDispatcher->dispatch()
#12 C:\wamp\www\ecole3\vendor\laravel\framework\src\Illuminate\Routing\Route.php(134): Illuminate\Routing\Route->runWithCustomDispatcher()
#13 C:\wamp\www\ecole3\vendor\laravel\framework\src\Illuminate\Routing\Router.php(701): Illuminate\Routing\Route->run()
#14 C:\wamp\www\ecole3\vendor\laravel\framework\src\Illuminate\Pipeline\Pipeline.php(141): Illuminate\Routing\Router->Illuminate\Routing\{closure}()
#15 C:\wamp\www\ecole3\vendor\laravel\framework\src\Illuminate\Pipeline\Pipeline.php(141): call_user_func:{C:\wamp\www\ecole3\vendor\laravel\framework\src\Illuminate\Pipeline\Pipeline.php:141}()
#16 C:\wamp\www\ecole3\vendor\laravel\framework\src\Illuminate\Pipeline\Pipeline.php(101): Illuminate\Pipeline\Pipeline->Illuminate\Pipeline\{closure}()
#17 C:\wamp\www\ecole3\vendor\laravel\framework\src\Illuminate\Pipeline\Pipeline.php(101): call_user_func:{C:\wamp\www\ecole3\vendor\laravel\framework\src\Illuminate\Pipeline\Pipeline.php:101}()
#18 C:\wamp\www\ecole3\vendor\laravel\framework\src\Illuminate\Routing\Router.php(703): Illuminate\Pipeline\Pipeline->then()
#19 C:\wamp\www\ecole3\vendor\laravel\framework\src\Illuminate\Routing\Router.php(670): Illuminate\Routing\Router->runRouteWithinStack()
#20 C:\wamp\www\ecole3\vendor\laravel\framework\src\Illuminate\Routing\Router.php(628): Illuminate\Routing\Router->dispatchToRoute()
#21 C:\wamp\www\ecole3\vendor\laravel\framework\src\Illuminate\Foundation\Http\Kernel.php(214): Illuminate\Routing\Router->dispatch()
#22 C:\wamp\www\ecole3\vendor\laravel\framework\src\Illuminate\Pipeline\Pipeline.php(141): Illuminate\Foundation\Http\Kernel->Illuminate\Foundation\Http\{closure}()
#23 C:\wamp\www\ecole3\vendor\laravel\framework\src\Illuminate\Pipeline\Pipeline.php(141): call_user_func:{C:\wamp\www\ecole3\vendor\laravel\framework\src\Illuminate\Pipeline\Pipeline.php:141}()
#24 C:\wamp\www\ecole3\vendor\laravel\framework\src\Illuminate\Foundation\Http\Middleware\VerifyCsrfToken.php(43): Illuminate\Pipeline\Pipeline->Illuminate\Pipeline\{closure}()
#25 C:\wamp\www\ecole3\app\Http\Middleware\VerifyCsrfToken.php(18): Illuminate\Foundation\Http\Middleware\VerifyCsrfToken->handle()
#26 C:\wamp\www\ecole3\vendor\laravel\framework\src\Illuminate\Pipeline\Pipeline.php(125): App\Http\Middleware\VerifyCsrfToken->handle()
#27 C:\wamp\www\ecole3\vendor\laravel\framework\src\Illuminate\View\Middleware\ShareErrorsFromSession.php(55): Illuminate\Pipeline\Pipeline->Illuminate\Pipeline\{closure}()
#28 C:\wamp\www\ecole3\vendor\laravel\framework\src\Illuminate\Pipeline\Pipeline.php(125): Illuminate\View\Middleware\ShareErrorsFromSession->handle()
#29 C:\wamp\www\ecole3\vendor\laravel\framework\src\Illuminate\Session\Middleware\StartSession.php(61): Illuminate\Pipeline\Pipeline->Illuminate\Pipeline\{closure}()
#30 C:\wamp\www\ecole3\vendor\laravel\framework\src\Illuminate\Pipeline\Pipeline.php(125): Illuminate\Session\Middleware\StartSession->handle()
#31 C:\wamp\www\ecole3\vendor\laravel\framework\src\Illuminate\Cookie\Middleware\AddQueuedCookiesToResponse.php(36): Illuminate\Pipeline\Pipeline->Illuminate\Pipeline\{closure}()
#32 C:\wamp\www\ecole3\vendor\laravel\framework\src\Illuminate\Pipeline\Pipeline.php(125): Illuminate\Cookie\Middleware\AddQueuedCookiesToResponse->handle()
#33 C:\wamp\www\ecole3\vendor\laravel\framework\src\Illuminate\Cookie\Middleware\EncryptCookies.php(40): Illuminate\Pipeline\Pipeline->Illuminate\Pipeline\{closure}()
#34 C:\wamp\www\ecole3\vendor\laravel\framework\src\Illuminate\Pipeline\Pipeline.php(125): Illuminate\Cookie\Middleware\EncryptCookies->handle()
#35 C:\wamp\www\ecole3\vendor\laravel\framework\src\Illuminate\Foundation\Http\Middleware\CheckForMaintenanceMode.php(42): Illuminate\Pipeline\Pipeline->Illuminate\Pipeline\{closure}()
#36 C:\wamp\www\ecole3\vendor\laravel\framework\src\Illuminate\Pipeline\Pipeline.php(125): Illuminate\Foundation\Http\Middleware\CheckForMaintenanceMode->handle()
#37 C:\wamp\www\ecole3\vendor\laravel\framework\src\Illuminate\Pipeline\Pipeline.php(101): Illuminate\Pipeline\Pipeline->Illuminate\Pipeline\{closure}()
#38 C:\wamp\www\ecole3\vendor\laravel\framework\src\Illuminate\Pipeline\Pipeline.php(101): call_user_func:{C:\wamp\www\ecole3\vendor\laravel\framework\src\Illuminate\Pipeline\Pipeline.php:101}()
#39 C:\wamp\www\ecole3\vendor\laravel\framework\src\Illuminate\Foundation\Http\Kernel.php(115): Illuminate\Pipeline\Pipeline->then()
#40 C:\wamp\www\ecole3\vendor\laravel\framework\src\Illuminate\Foundation\Http\Kernel.php(84): Illuminate\Foundation\Http\Kernel->sendRequestThroughRouter()
#41 C:\wamp\www\ecole3\public\index.php(53): Illuminate\Foundation\Http\Kernel->handle()
#42 C:\wamp\www\ecole3\public\index.php(0): {main}()
#43 {main}  
[2015-08-25 16:40:14] local.ERROR: exception 'PDOException' with message 'SQLSTATE[23000]: Integrity constraint violation: 1452 Cannot add or update a child row: a foreign key constraint fails (`ecole`.`enfant_user`, CONSTRAINT `enfant_user_enfant_id_foreign` FOREIGN KEY (`enfant_id`) REFERENCES `enfants` (`id`) ON DELETE CASCADE)' in C:\wamp\www\ecole3\vendor\laravel\framework\src\Illuminate\Database\Connection.php:362
Stack trace:
#0 C:\wamp\www\ecole3\vendor\laravel\framework\src\Illuminate\Database\Connection.php(362): PDOStatement->execute(Array)
#1 C:\wamp\www\ecole3\vendor\laravel\framework\src\Illuminate\Database\Connection.php(616): Illuminate\Database\Connection->Illuminate\Database\{closure}(Object(Illuminate\Database\MySqlConnection), 'insert into `en...', Array)
#2 C:\wamp\www\ecole3\vendor\laravel\framework\src\Illuminate\Database\Connection.php(580): Illuminate\Database\Connection->runQueryCallback('insert into `en...', Array, Object(Closure))
#3 C:\wamp\www\ecole3\vendor\laravel\framework\src\Illuminate\Database\Connection.php(363): Illuminate\Database\Connection->run('insert into `en...', Array, Object(Closure))
#4 C:\wamp\www\ecole3\vendor\laravel\framework\src\Illuminate\Database\Connection.php(320): Illuminate\Database\Connection->statement('insert into `en...', Array)
#5 C:\wamp\www\ecole3\vendor\laravel\framework\src\Illuminate\Database\Query\Builder.php(1709): Illuminate\Database\Connection->insert('insert into `en...', Array)
#6 C:\wamp\www\ecole3\vendor\laravel\framework\src\Illuminate\Database\Eloquent\Relations\BelongsToMany.php(875): Illuminate\Database\Query\Builder->insert(Array)
#7 C:\wamp\www\ecole3\app\Http\Controllers\CreationController.php(302): Illuminate\Database\Eloquent\Relations\BelongsToMany->attach(Array)
#8 [internal function]: App\Http\Controllers\CreationController->App\Http\Controllers\{closure}(Object(Maatwebsite\Excel\Readers\LaravelExcelReader))
#9 C:\wamp\www\ecole3\vendor\maatwebsite\Excel\src\Maatwebsite\Excel\Excel.php(122): call_user_func(Object(Closure), Object(Maatwebsite\Excel\Readers\LaravelExcelReader))
#10 C:\wamp\www\ecole3\app\Http\Controllers\CreationController.php(318): Maatwebsite\Excel\Excel->load('C:\\wamp\\www\\eco...', Object(Closure))
#11 [internal function]: App\Http\Controllers\CreationController->importerFichiers(Object(Illuminate\Http\Request))
#12 C:\wamp\www\ecole3\vendor\laravel\framework\src\Illuminate\Routing\Controller.php(246): call_user_func_array(Array, Array)
#13 C:\wamp\www\ecole3\vendor\laravel\framework\src\Illuminate\Routing\ControllerDispatcher.php(162): Illuminate\Routing\Controller->callAction('importerFichier...', Array)
#14 C:\wamp\www\ecole3\vendor\laravel\framework\src\Illuminate\Routing\ControllerDispatcher.php(107): Illuminate\Routing\ControllerDispatcher->call(Object(App\Http\Controllers\CreationController), Object(Illuminate\Routing\Route), 'importerFichier...')
#15 [internal function]: Illuminate\Routing\ControllerDispatcher->Illuminate\Routing\{closure}(Object(Illuminate\Http\Request))
#16 C:\wamp\www\ecole3\vendor\laravel\framework\src\Illuminate\Pipeline\Pipeline.php(141): call_user_func(Object(Closure), Object(Illuminate\Http\Request))
#17 C:\wamp\www\ecole3\app\Http\Middleware\Authenticate.php(39): Illuminate\Pipeline\Pipeline->Illuminate\Pipeline\{closure}(Object(Illuminate\Http\Request))
#18 C:\wamp\www\ecole3\vendor\laravel\framework\src\Illuminate\Pipeline\Pipeline.php(125): App\Http\Middleware\Authenticate->handle(Object(Illuminate\Http\Request), Object(Closure))
#19 [internal function]: Illuminate\Pipeline\Pipeline->Illuminate\Pipeline\{closure}(Object(Illuminate\Http\Request))
#20 C:\wamp\www\ecole3\vendor\laravel\framework\src\Illuminate\Pipeline\Pipeline.php(101): call_user_func(Object(Closure), Object(Illuminate\Http\Request))
#21 C:\wamp\www\ecole3\vendor\laravel\framework\src\Illuminate\Routing\ControllerDispatcher.php(108): Illuminate\Pipeline\Pipeline->then(Object(Closure))
#22 C:\wamp\www\ecole3\vendor\laravel\framework\src\Illuminate\Routing\ControllerDispatcher.php(67): Illuminate\Routing\ControllerDispatcher->callWithinStack(Object(App\Http\Controllers\CreationController), Object(Illuminate\Routing\Route), Object(Illuminate\Http\Request), 'importerFichier...')
#23 C:\wamp\www\ecole3\vendor\laravel\framework\src\Illuminate\Routing\Route.php(204): Illuminate\Routing\ControllerDispatcher->dispatch(Object(Illuminate\Routing\Route), Object(Illuminate\Http\Request), 'App\\Http\\Contro...', 'importerFichier...')
#24 C:\wamp\www\ecole3\vendor\laravel\framework\src\Illuminate\Routing\Route.php(134): Illuminate\Routing\Route->runWithCustomDispatcher(Object(Illuminate\Http\Request))
#25 C:\wamp\www\ecole3\vendor\laravel\framework\src\Illuminate\Routing\Router.php(701): Illuminate\Routing\Route->run(Object(Illuminate\Http\Request))
#26 [internal function]: Illuminate\Routing\Router->Illuminate\Routing\{closure}(Object(Illuminate\Http\Request))
#27 C:\wamp\www\ecole3\vendor\laravel\framework\src\Illuminate\Pipeline\Pipeline.php(141): call_user_func(Object(Closure), Object(Illuminate\Http\Request))
#28 [internal function]: Illuminate\Pipeline\Pipeline->Illuminate\Pipeline\{closure}(Object(Illuminate\Http\Request))
#29 C:\wamp\www\ecole3\vendor\laravel\framework\src\Illuminate\Pipeline\Pipeline.php(101): call_user_func(Object(Closure), Object(Illuminate\Http\Request))
#30 C:\wamp\www\ecole3\vendor\laravel\framework\src\Illuminate\Routing\Router.php(703): Illuminate\Pipeline\Pipeline->then(Object(Closure))
#31 C:\wamp\www\ecole3\vendor\laravel\framework\src\Illuminate\Routing\Router.php(670): Illuminate\Routing\Router->runRouteWithinStack(Object(Illuminate\Routing\Route), Object(Illuminate\Http\Request))
#32 C:\wamp\www\ecole3\vendor\laravel\framework\src\Illuminate\Routing\Router.php(628): Illuminate\Routing\Router->dispatchToRoute(Object(Illuminate\Http\Request))
#33 C:\wamp\www\ecole3\vendor\laravel\framework\src\Illuminate\Foundation\Http\Kernel.php(214): Illuminate\Routing\Router->dispatch(Object(Illuminate\Http\Request))
#34 [internal function]: Illuminate\Foundation\Http\Kernel->Illuminate\Foundation\Http\{closure}(Object(Illuminate\Http\Request))
#35 C:\wamp\www\ecole3\vendor\laravel\framework\src\Illuminate\Pipeline\Pipeline.php(141): call_user_func(Object(Closure), Object(Illuminate\Http\Request))
#36 C:\wamp\www\ecole3\vendor\laravel\framework\src\Illuminate\Foundation\Http\Middleware\VerifyCsrfToken.php(43): Illuminate\Pipeline\Pipeline->Illuminate\Pipeline\{closure}(Object(Illuminate\Http\Request))
#37 C:\wamp\www\ecole3\app\Http\Middleware\VerifyCsrfToken.php(18): Illuminate\Foundation\Http\Middleware\VerifyCsrfToken->handle(Object(Illuminate\Http\Request), Object(Closure))
#38 C:\wamp\www\ecole3\vendor\laravel\framework\src\Illuminate\Pipeline\Pipeline.php(125): App\Http\Middleware\VerifyCsrfToken->handle(Object(Illuminate\Http\Request), Object(Closure))
#39 C:\wamp\www\ecole3\vendor\laravel\framework\src\Illuminate\View\Middleware\ShareErrorsFromSession.php(55): Illuminate\Pipeline\Pipeline->Illuminate\Pipeline\{closure}(Object(Illuminate\Http\Request))
#40 C:\wamp\www\ecole3\vendor\laravel\framework\src\Illuminate\Pipeline\Pipeline.php(125): Illuminate\View\Middleware\ShareErrorsFromSession->handle(Object(Illuminate\Http\Request), Object(Closure))
#41 C:\wamp\www\ecole3\vendor\laravel\framework\src\Illuminate\Session\Middleware\StartSession.php(61): Illuminate\Pipeline\Pipeline->Illuminate\Pipeline\{closure}(Object(Illuminate\Http\Request))
#42 C:\wamp\www\ecole3\vendor\laravel\framework\src\Illuminate\Pipeline\Pipeline.php(125): Illuminate\Session\Middleware\StartSession->handle(Object(Illuminate\Http\Request), Object(Closure))
#43 C:\wamp\www\ecole3\vendor\laravel\framework\src\Illuminate\Cookie\Middleware\AddQueuedCookiesToResponse.php(36): Illuminate\Pipeline\Pipeline->Illuminate\Pipeline\{closure}(Object(Illuminate\Http\Request))
#44 C:\wamp\www\ecole3\vendor\laravel\framework\src\Illuminate\Pipeline\Pipeline.php(125): Illuminate\Cookie\Middleware\AddQueuedCookiesToResponse->handle(Object(Illuminate\Http\Request), Object(Closure))
#45 C:\wamp\www\ecole3\vendor\laravel\framework\src\Illuminate\Cookie\Middleware\EncryptCookies.php(40): Illuminate\Pipeline\Pipeline->Illuminate\Pipeline\{closure}(Object(Illuminate\Http\Request))
#46 C:\wamp\www\ecole3\vendor\laravel\framework\src\Illuminate\Pipeline\Pipeline.php(125): Illuminate\Cookie\Middleware\EncryptCookies->handle(Object(Illuminate\Http\Request), Object(Closure))
#47 C:\wamp\www\ecole3\vendor\laravel\framework\src\Illuminate\Foundation\Http\Middleware\CheckForMaintenanceMode.php(42): Illuminate\Pipeline\Pipeline->Illuminate\Pipeline\{closure}(Object(Illuminate\Http\Request))
#48 C:\wamp\www\ecole3\vendor\laravel\framework\src\Illuminate\Pipeline\Pipeline.php(125): Illuminate\Foundation\Http\Middleware\CheckForMaintenanceMode->handle(Object(Illuminate\Http\Request), Object(Closure))
#49 [internal function]: Illuminate\Pipeline\Pipeline->Illuminate\Pipeline\{closure}(Object(Illuminate\Http\Request))
#50 C:\wamp\www\ecole3\vendor\laravel\framework\src\Illuminate\Pipeline\Pipeline.php(101): call_user_func(Object(Closure), Object(Illuminate\Http\Request))
#51 C:\wamp\www\ecole3\vendor\laravel\framework\src\Illuminate\Foundation\Http\Kernel.php(115): Illuminate\Pipeline\Pipeline->then(Object(Closure))
#52 C:\wamp\www\ecole3\vendor\laravel\framework\src\Illuminate\Foundation\Http\Kernel.php(84): Illuminate\Foundation\Http\Kernel->sendRequestThroughRouter(Object(Illuminate\Http\Request))
#53 C:\wamp\www\ecole3\public\index.php(53): Illuminate\Foundation\Http\Kernel->handle(Object(Illuminate\Http\Request))
#54 {main}

Next exception 'Illuminate\Database\QueryException' with message 'SQLSTATE[23000]: Integrity constraint violation: 1452 Cannot add or update a child row: a foreign key constraint fails (`ecole`.`enfant_user`, CONSTRAINT `enfant_user_enfant_id_foreign` FOREIGN KEY (`enfant_id`) REFERENCES `enfants` (`id`) ON DELETE CASCADE) (SQL: insert into `enfant_user` (`enfant_id`, `user_id`) values (16, 2776))' in C:\wamp\www\ecole3\vendor\laravel\framework\src\Illuminate\Database\Connection.php:624
Stack trace:
#0 C:\wamp\www\ecole3\vendor\laravel\framework\src\Illuminate\Database\Connection.php(580): Illuminate\Database\Connection->runQueryCallback('insert into `en...', Array, Object(Closure))
#1 C:\wamp\www\ecole3\vendor\laravel\framework\src\Illuminate\Database\Connection.php(363): Illuminate\Database\Connection->run('insert into `en...', Array, Object(Closure))
#2 C:\wamp\www\ecole3\vendor\laravel\framework\src\Illuminate\Database\Connection.php(320): Illuminate\Database\Connection->statement('insert into `en...', Array)
#3 C:\wamp\www\ecole3\vendor\laravel\framework\src\Illuminate\Database\Query\Builder.php(1709): Illuminate\Database\Connection->insert('insert into `en...', Array)
#4 C:\wamp\www\ecole3\vendor\laravel\framework\src\Illuminate\Database\Eloquent\Relations\BelongsToMany.php(875): Illuminate\Database\Query\Builder->insert(Array)
#5 C:\wamp\www\ecole3\app\Http\Controllers\CreationController.php(302): Illuminate\Database\Eloquent\Relations\BelongsToMany->attach(Array)
#6 [internal function]: App\Http\Controllers\CreationController->App\Http\Controllers\{closure}(Object(Maatwebsite\Excel\Readers\LaravelExcelReader))
#7 C:\wamp\www\ecole3\vendor\maatwebsite\Excel\src\Maatwebsite\Excel\Excel.php(122): call_user_func(Object(Closure), Object(Maatwebsite\Excel\Readers\LaravelExcelReader))
#8 C:\wamp\www\ecole3\app\Http\Controllers\CreationController.php(318): Maatwebsite\Excel\Excel->load('C:\\wamp\\www\\eco...', Object(Closure))
#9 [internal function]: App\Http\Controllers\CreationController->importerFichiers(Object(Illuminate\Http\Request))
#10 C:\wamp\www\ecole3\vendor\laravel\framework\src\Illuminate\Routing\Controller.php(246): call_user_func_array(Array, Array)
#11 C:\wamp\www\ecole3\vendor\laravel\framework\src\Illuminate\Routing\ControllerDispatcher.php(162): Illuminate\Routing\Controller->callAction('importerFichier...', Array)
#12 C:\wamp\www\ecole3\vendor\laravel\framework\src\Illuminate\Routing\ControllerDispatcher.php(107): Illuminate\Routing\ControllerDispatcher->call(Object(App\Http\Controllers\CreationController), Object(Illuminate\Routing\Route), 'importerFichier...')
#13 [internal function]: Illuminate\Routing\ControllerDispatcher->Illuminate\Routing\{closure}(Object(Illuminate\Http\Request))
#14 C:\wamp\www\ecole3\vendor\laravel\framework\src\Illuminate\Pipeline\Pipeline.php(141): call_user_func(Object(Closure), Object(Illuminate\Http\Request))
#15 C:\wamp\www\ecole3\app\Http\Middleware\Authenticate.php(39): Illuminate\Pipeline\Pipeline->Illuminate\Pipeline\{closure}(Object(Illuminate\Http\Request))
#16 C:\wamp\www\ecole3\vendor\laravel\framework\src\Illuminate\Pipeline\Pipeline.php(125): App\Http\Middleware\Authenticate->handle(Object(Illuminate\Http\Request), Object(Closure))
#17 [internal function]: Illuminate\Pipeline\Pipeline->Illuminate\Pipeline\{closure}(Object(Illuminate\Http\Request))
#18 C:\wamp\www\ecole3\vendor\laravel\framework\src\Illuminate\Pipeline\Pipeline.php(101): call_user_func(Object(Closure), Object(Illuminate\Http\Request))
#19 C:\wamp\www\ecole3\vendor\laravel\framework\src\Illuminate\Routing\ControllerDispatcher.php(108): Illuminate\Pipeline\Pipeline->then(Object(Closure))
#20 C:\wamp\www\ecole3\vendor\laravel\framework\src\Illuminate\Routing\ControllerDispatcher.php(67): Illuminate\Routing\ControllerDispatcher->callWithinStack(Object(App\Http\Controllers\CreationController), Object(Illuminate\Routing\Route), Object(Illuminate\Http\Request), 'importerFichier...')
#21 C:\wamp\www\ecole3\vendor\laravel\framework\src\Illuminate\Routing\Route.php(204): Illuminate\Routing\ControllerDispatcher->dispatch(Object(Illuminate\Routing\Route), Object(Illuminate\Http\Request), 'App\\Http\\Contro...', 'importerFichier...')
#22 C:\wamp\www\ecole3\vendor\laravel\framework\src\Illuminate\Routing\Route.php(134): Illuminate\Routing\Route->runWithCustomDispatcher(Object(Illuminate\Http\Request))
#23 C:\wamp\www\ecole3\vendor\laravel\framework\src\Illuminate\Routing\Router.php(701): Illuminate\Routing\Route->run(Object(Illuminate\Http\Request))
#24 [internal function]: Illuminate\Routing\Router->Illuminate\Routing\{closure}(Object(Illuminate\Http\Request))
#25 C:\wamp\www\ecole3\vendor\laravel\framework\src\Illuminate\Pipeline\Pipeline.php(141): call_user_func(Object(Closure), Object(Illuminate\Http\Request))
#26 [internal function]: Illuminate\Pipeline\Pipeline->Illuminate\Pipeline\{closure}(Object(Illuminate\Http\Request))
#27 C:\wamp\www\ecole3\vendor\laravel\framework\src\Illuminate\Pipeline\Pipeline.php(101): call_user_func(Object(Closure), Object(Illuminate\Http\Request))
#28 C:\wamp\www\ecole3\vendor\laravel\framework\src\Illuminate\Routing\Router.php(703): Illuminate\Pipeline\Pipeline->then(Object(Closure))
#29 C:\wamp\www\ecole3\vendor\laravel\framework\src\Illuminate\Routing\Router.php(670): Illuminate\Routing\Router->runRouteWithinStack(Object(Illuminate\Routing\Route), Object(Illuminate\Http\Request))
#30 C:\wamp\www\ecole3\vendor\laravel\framework\src\Illuminate\Routing\Router.php(628): Illuminate\Routing\Router->dispatchToRoute(Object(Illuminate\Http\Request))
#31 C:\wamp\www\ecole3\vendor\laravel\framework\src\Illuminate\Foundation\Http\Kernel.php(214): Illuminate\Routing\Router->dispatch(Object(Illuminate\Http\Request))
#32 [internal function]: Illuminate\Foundation\Http\Kernel->Illuminate\Foundation\Http\{closure}(Object(Illuminate\Http\Request))
#33 C:\wamp\www\ecole3\vendor\laravel\framework\src\Illuminate\Pipeline\Pipeline.php(141): call_user_func(Object(Closure), Object(Illuminate\Http\Request))
#34 C:\wamp\www\ecole3\vendor\laravel\framework\src\Illuminate\Foundation\Http\Middleware\VerifyCsrfToken.php(43): Illuminate\Pipeline\Pipeline->Illuminate\Pipeline\{closure}(Object(Illuminate\Http\Request))
#35 C:\wamp\www\ecole3\app\Http\Middleware\VerifyCsrfToken.php(18): Illuminate\Foundation\Http\Middleware\VerifyCsrfToken->handle(Object(Illuminate\Http\Request), Object(Closure))
#36 C:\wamp\www\ecole3\vendor\laravel\framework\src\Illuminate\Pipeline\Pipeline.php(125): App\Http\Middleware\VerifyCsrfToken->handle(Object(Illuminate\Http\Request), Object(Closure))
#37 C:\wamp\www\ecole3\vendor\laravel\framework\src\Illuminate\View\Middleware\ShareErrorsFromSession.php(55): Illuminate\Pipeline\Pipeline->Illuminate\Pipeline\{closure}(Object(Illuminate\Http\Request))
#38 C:\wamp\www\ecole3\vendor\laravel\framework\src\Illuminate\Pipeline\Pipeline.php(125): Illuminate\View\Middleware\ShareErrorsFromSession->handle(Object(Illuminate\Http\Request), Object(Closure))
#39 C:\wamp\www\ecole3\vendor\laravel\framework\src\Illuminate\Session\Middleware\StartSession.php(61): Illuminate\Pipeline\Pipeline->Illuminate\Pipeline\{closure}(Object(Illuminate\Http\Request))
#40 C:\wamp\www\ecole3\vendor\laravel\framework\src\Illuminate\Pipeline\Pipeline.php(125): Illuminate\Session\Middleware\StartSession->handle(Object(Illuminate\Http\Request), Object(Closure))
#41 C:\wamp\www\ecole3\vendor\laravel\framework\src\Illuminate\Cookie\Middleware\AddQueuedCookiesToResponse.php(36): Illuminate\Pipeline\Pipeline->Illuminate\Pipeline\{closure}(Object(Illuminate\Http\Request))
#42 C:\wamp\www\ecole3\vendor\laravel\framework\src\Illuminate\Pipeline\Pipeline.php(125): Illuminate\Cookie\Middleware\AddQueuedCookiesToResponse->handle(Object(Illuminate\Http\Request), Object(Closure))
#43 C:\wamp\www\ecole3\vendor\laravel\framework\src\Illuminate\Cookie\Middleware\EncryptCookies.php(40): Illuminate\Pipeline\Pipeline->Illuminate\Pipeline\{closure}(Object(Illuminate\Http\Request))
#44 C:\wamp\www\ecole3\vendor\laravel\framework\src\Illuminate\Pipeline\Pipeline.php(125): Illuminate\Cookie\Middleware\EncryptCookies->handle(Object(Illuminate\Http\Request), Object(Closure))
#45 C:\wamp\www\ecole3\vendor\laravel\framework\src\Illuminate\Foundation\Http\Middleware\CheckForMaintenanceMode.php(42): Illuminate\Pipeline\Pipeline->Illuminate\Pipeline\{closure}(Object(Illuminate\Http\Request))
#46 C:\wamp\www\ecole3\vendor\laravel\framework\src\Illuminate\Pipeline\Pipeline.php(125): Illuminate\Foundation\Http\Middleware\CheckForMaintenanceMode->handle(Object(Illuminate\Http\Request), Object(Closure))
#47 [internal function]: Illuminate\Pipeline\Pipeline->Illuminate\Pipeline\{closure}(Object(Illuminate\Http\Request))
#48 C:\wamp\www\ecole3\vendor\laravel\framework\src\Illuminate\Pipeline\Pipeline.php(101): call_user_func(Object(Closure), Object(Illuminate\Http\Request))
#49 C:\wamp\www\ecole3\vendor\laravel\framework\src\Illuminate\Foundation\Http\Kernel.php(115): Illuminate\Pipeline\Pipeline->then(Object(Closure))
#50 C:\wamp\www\ecole3\vendor\laravel\framework\src\Illuminate\Foundation\Http\Kernel.php(84): Illuminate\Foundation\Http\Kernel->sendRequestThroughRouter(Object(Illuminate\Http\Request))
#51 C:\wamp\www\ecole3\public\index.php(53): Illuminate\Foundation\Http\Kernel->handle(Object(Illuminate\Http\Request))
#52 {main}  
